
=== Tue Nov 19 09:47:13 2019

Packages were changed.
Update Mode: updateDependencies

The following packages were added:
  com.unity.2d.tilemap@1.0.0
  com.unity.collab-proxy@1.2.16
  com.unity.ext.nunit@1.0.0
  com.unity.test-framework@1.0.13
  com.unity.timeline@1.1.0
  com.unity.2d.sprite@1.0.0
  com.unity.ide.vscode@1.0.7
  com.unity.ide.visualstudio@1.0.11
  com.unity.ide.rider@1.0.8
  com.unity.ugui@1.0.0
  com.unity.modules.androidjni@1.0.0
  com.unity.multiplayer-hlapi@1.0.2
  com.unity.xr.legacyinputhelpers@2.0.2
The following packages were updated:
  com.unity.analytics from version 2.0.16 to 3.3.2
  com.unity.package-manager-ui from version 1.9.11 to 2.2.0
  com.unity.purchasing from version 2.0.3 to 2.0.6
  com.unity.textmeshpro from version 1.2.4 to 2.0.1

=== Thu Nov 19 13:51:24 2020

Packages were changed.
Update Mode: updateDependencies

The following packages were updated:
  com.unity.ads from version 2.0.8 to 3.4.9
  com.unity.analytics from version 3.3.2 to 3.3.5
  com.unity.ide.rider from version 1.0.8 to 1.1.4
  com.unity.ide.vscode from version 1.0.7 to 1.2.1
  com.unity.multiplayer-hlapi from version 1.0.2 to 1.0.6
  com.unity.purchasing from version 2.0.6 to 2.1.0
  com.unity.test-framework from version 1.0.13 to 1.1.16
  com.unity.timeline from version 1.1.0 to 1.2.6
  com.unity.xr.legacyinputhelpers from version 2.0.2 to 2.1.4
The following packages were removed:
  com.unity.package-manager-ui@2.2.0

=== Mon Nov 29 20:13:35 2021

Packages were changed.
Update Mode: updateDependencies

The following packages were updated:
  com.unity.ads from version 3.4.9 to 3.7.5
  com.unity.analytics from version 3.3.5 to 3.6.11
  com.unity.collab-proxy from version 1.2.16 to 1.13.5
  com.unity.ext.nunit from version 1.0.0 to 1.0.6
  com.unity.ide.rider from version 1.1.4 to 2.0.7
  com.unity.ide.visualstudio from version 1.0.11 to 2.0.11
  com.unity.ide.vscode from version 1.2.1 to 1.2.4
  com.unity.purchasing from version 2.1.0 to 4.0.3
  com.unity.test-framework from version 1.1.16 to 1.1.29
  com.unity.textmeshpro from version 2.0.1 to 3.0.6
  com.unity.timeline from version 1.2.6 to 1.4.8
  com.unity.xr.legacyinputhelpers from version 2.1.4 to 2.1.8

=== Mon Nov 21 17:21:46 2022

Packages were changed.
Update Mode: updateDependencies

The following packages were updated:
  com.unity.analytics from version 3.6.11 to 3.6.12
  com.unity.collab-proxy from version 1.13.5 to 1.17.2
  com.unity.ide.rider from version 2.0.7 to 3.0.15
  com.unity.ide.visualstudio from version 2.0.11 to 2.0.16
  com.unity.ide.vscode from version 1.2.4 to 1.2.5
  com.unity.purchasing from version 4.0.3 to 4.4.1
  com.unity.test-framework from version 1.1.29 to 1.1.31
  com.unity.timeline from version 1.4.8 to 1.6.4
  com.unity.xr.legacyinputhelpers from version 2.1.8 to 2.1.10
The following packages were removed:
  com.unity.multiplayer-hlapi@1.0.6

=== Mon Nov 20 15:45:35 2023

Packages were changed.
Update Mode: updateDependencies

The following packages were added:
  com.unity.ai.navigation@1.1.5
The following packages were updated:
  com.unity.ads from version 3.7.5 to 4.4.2
  com.unity.analytics from version 3.6.12 to 3.8.1
  com.unity.collab-proxy from version 1.17.2 to 2.2.0
  com.unity.ide.rider from version 3.0.15 to 3.0.26
  com.unity.ide.visualstudio from version 2.0.16 to 2.0.22
  com.unity.purchasing from version 4.4.1 to 4.9.3
  com.unity.test-framework from version 1.1.31 to 1.1.33
  com.unity.timeline from version 1.6.4 to 1.7.6

=== Mon Nov 18 16:26:17 2024

Packages were changed.
Update Mode: updateDependencies

The following packages were updated:
  com.unity.collab-proxy from version 2.2.0 to 2.5.2
  com.unity.ide.rider from version 3.0.26 to 3.0.31
  com.unity.purchasing from version 4.9.3 to 4.11.0
  com.unity.textmeshpro from version 3.0.6 to 3.0.7
  com.unity.xr.legacyinputhelpers from version 2.1.10 to 2.1.11
